<?xml version="1.0" encoding="UTF-8"?>
<testng-results ignored="0" total="1" passed="1" failed="0" skipped="0">
  <reporter-output>
  </reporter-output>
  <suite started-at="2022-09-13T09:26:38Z" name="Default suite" finished-at="2022-09-13T09:26:55Z" duration-ms="16604">
    <groups>
    </groups>
    <test started-at="2022-09-13T09:26:38Z" name="Default test" finished-at="2022-09-13T09:26:55Z" duration-ms="16604">
      <class name="testNGlearning.testng2.testpractice">
        <test-method signature="verifyvalidlogin()[pri:0, instance:testNGlearning.testng2.testpractice@79e4c792]" started-at="2022-09-13T09:26:38Z" name="verifyvalidlogin" finished-at="2022-09-13T09:26:55Z" duration-ms="16504" status="PASS">
          <reporter-output>
          </reporter-output>
        </test-method> <!-- verifyvalidlogin -->
      </class> <!-- testNGlearning.testng2.testpractice -->
    </test> <!-- Default test -->
  </suite> <!-- Default suite -->
</testng-results>
